<?xml version="1.0" encoding="UTF-8"?>
<!-- Generated by org.testng.reporters.JUnitReportReporter -->
<testsuite hostname="LAPTOP-SQFJNLHR" failures="0" tests="1" name="Demo121.sample121" time="21.623" errors="0" timestamp="2024-12-19T11:17:41 IST" skipped="0">
  <testcase classname="Demo121.sample121" name="test1" time="21.623"/>
</testsuite> <!-- Demo121.sample121 -->
