<?xml version="1.0" encoding="UTF-8"?>
<!-- Generated by org.testng.reporters.JUnitReportReporter -->
<testsuite hostname="LAPTOP-SQFJNLHR" failures="0" tests="1" name="Demo121.sample121" time="18.512" errors="0" timestamp="2024-12-19T12:04:30 IST" skipped="0">
  <testcase classname="Demo121.sample121" name="test1" time="18.512"/>
</testsuite> <!-- Demo121.sample121 -->
